[2026-01-11T13:23:43.562+0000] {local_task_job_runner.py:120} INFO - ::group::Pre task execution logs
[2026-01-11T13:23:43.587+0000] {taskinstance.py:2076} INFO - Dependencies all met for dep_context=non-requeueable deps ti=<TaskInstance: update_db.core_table manual__2026-01-11T13:23:38.624039+00:00 [queued]>
[2026-01-11T13:23:43.597+0000] {taskinstance.py:2076} INFO - Dependencies all met for dep_context=requeueable deps ti=<TaskInstance: update_db.core_table manual__2026-01-11T13:23:38.624039+00:00 [queued]>
[2026-01-11T13:23:43.598+0000] {taskinstance.py:2306} INFO - Starting attempt 1 of 1
[2026-01-11T13:23:43.622+0000] {taskinstance.py:2330} INFO - Executing <Task(_PythonDecoratedOperator): core_table> on 2026-01-11 13:23:38.624039+00:00
[2026-01-11T13:23:43.628+0000] {standard_task_runner.py:63} INFO - Started process 465 to run task
[2026-01-11T13:23:43.632+0000] {standard_task_runner.py:90} INFO - Running: ['airflow', 'tasks', 'run', 'update_db', 'core_table', 'manual__2026-01-11T13:23:38.624039+00:00', '--job-id', '90', '--raw', '--subdir', 'DAGS_FOLDER/main.py', '--cfg-path', '/tmp/tmpae9uwyam']
[2026-01-11T13:23:43.634+0000] {standard_task_runner.py:91} INFO - Job 90: Subtask core_table
[2026-01-11T13:23:43.715+0000] {task_command.py:426} INFO - Running <TaskInstance: update_db.core_table manual__2026-01-11T13:23:38.624039+00:00 [running]> on host b01b5f90bb7d
[2026-01-11T13:23:43.862+0000] {taskinstance.py:2648} INFO - Exporting env vars: AIRFLOW_CTX_DAG_EMAIL='data@engineers.com' AIRFLOW_CTX_DAG_OWNER='dataengineers' AIRFLOW_CTX_DAG_ID='update_db' AIRFLOW_CTX_TASK_ID='core_table' AIRFLOW_CTX_EXECUTION_DATE='2026-01-11T13:23:38.624039+00:00' AIRFLOW_CTX_TRY_NUMBER='1' AIRFLOW_CTX_DAG_RUN_ID='manual__2026-01-11T13:23:38.624039+00:00'
[2026-01-11T13:23:43.864+0000] {taskinstance.py:430} INFO - ::endgroup::
[2026-01-11T13:23:43.874+0000] {base.py:84} INFO - Using connection ID 'postgres_db_yt_elt' for task execution.
[2026-01-11T13:23:43.881+0000] {base.py:84} INFO - Using connection ID 'postgres_db_yt_elt' for task execution.
[2026-01-11T13:23:43.888+0000] {base.py:84} INFO - Using connection ID 'postgres_db_yt_elt' for task execution.
[2026-01-11T13:23:43.897+0000] {dwh.py:85} ERROR - An error occured during the update of core table: '<=' not supported between instances of 'builtin_function_or_method' and 'int'
[2026-01-11T13:23:43.898+0000] {taskinstance.py:441} INFO - ::group::Post task execution logs
[2026-01-11T13:23:43.899+0000] {taskinstance.py:2905} ERROR - Task failed with exception
Traceback (most recent call last):
  File "/home/airflow/.local/lib/python3.10/site-packages/airflow/models/taskinstance.py", line 465, in _execute_task
    result = _execute_callable(context=context, **execute_callable_kwargs)
  File "/home/airflow/.local/lib/python3.10/site-packages/airflow/models/taskinstance.py", line 432, in _execute_callable
    return execute_callable(context=context, **execute_callable_kwargs)
  File "/home/airflow/.local/lib/python3.10/site-packages/airflow/models/baseoperator.py", line 401, in wrapper
    return func(self, *args, **kwargs)
  File "/home/airflow/.local/lib/python3.10/site-packages/airflow/decorators/base.py", line 265, in execute
    return_value = super().execute(context)
  File "/home/airflow/.local/lib/python3.10/site-packages/airflow/models/baseoperator.py", line 401, in wrapper
    return func(self, *args, **kwargs)
  File "/home/airflow/.local/lib/python3.10/site-packages/airflow/operators/python.py", line 235, in execute
    return_value = self.execute_callable()
  File "/home/airflow/.local/lib/python3.10/site-packages/airflow/operators/python.py", line 252, in execute_callable
    return self.python_callable(*self.op_args, **self.op_kwargs)
  File "/opt/airflow/dags/datawarehouse/dwh.py", line 86, in core_table
    raise e
  File "/opt/airflow/dags/datawarehouse/dwh.py", line 66, in core_table
    row = transform_data(row)
  File "/opt/airflow/dags/datawarehouse/data_transformation.py", line 28, in transform_data
    row["Video_Type"] = "Shorts" if duration_td.total_seconds <= 60 else "Normal"
TypeError: '<=' not supported between instances of 'builtin_function_or_method' and 'int'
[2026-01-11T13:23:43.919+0000] {taskinstance.py:1206} INFO - Marking task as FAILED. dag_id=update_db, task_id=core_table, run_id=manual__2026-01-11T13:23:38.624039+00:00, execution_date=20260111T132338, start_date=20260111T132343, end_date=20260111T132343
[2026-01-11T13:23:43.963+0000] {standard_task_runner.py:110} ERROR - Failed to execute job 90 for task core_table ('<=' not supported between instances of 'builtin_function_or_method' and 'int'; 465)
[2026-01-11T13:23:44.007+0000] {local_task_job_runner.py:240} INFO - Task exited with return code 1
[2026-01-11T13:23:44.027+0000] {taskinstance.py:3503} INFO - 0 downstream tasks scheduled from follow-on schedule check
[2026-01-11T13:23:44.059+0000] {local_task_job_runner.py:222} INFO - ::endgroup::
